<?xml version="1.0" encoding="UTF-8"?>
<!-- Generated by org.testng.reporters.JUnitReportReporter -->
<testsuite skipped="0" hostname="DESKTOP-OKJ6GLG" name="com.tests.Git_FB_MavenProject5.LoginTest" tests="1" failures="0" timestamp="2020-04-30T13:40:06 IST" time="0.705" errors="0">
  <testcase name="doLogin" time="0.705" classname="com.tests.Git_FB_MavenProject5.LoginTest"/>
  <system-out/>
</testsuite> <!-- com.tests.Git_FB_MavenProject5.LoginTest -->
